 242 254 254 255 255 251 251 240 237 242 253 255 255 255 253 254
 241 255 255 255 246 167 107 109 116 117 129 220 252 255 255 255
 240 254 255 223 111 152 233 253 254 254 212 141 166 249 255 255
 237 254 236  94 198 254 255 255 255 255 255 249 185 164 252 255
 234 249 129 184 255 255 253 241 233 246 254 255 254 154 224 247
 233 214  66 245 255 253 156  55  38  95 224 255 255 230 146 250
 239 182 115 254 255 218  35  20  16  17  97 251 255 254 136 246
 244 167 156 254 255 195  25  19  17  18  49 243 255 251 146 246
 247 191 144 254 255 212  38  18  17  17 117 250 255 247 119 247
 248 227 109 248 255 252 163  44  23  42 212 255 255 225 123 252
 245 253 119 196 254 255 254 212 186 230 254 255 255 152 220 255
 243 255 223  88 223 254 255 255 255 255 255 252 198 141 253 255
 241 255 254 185 109 190 245 252 253 253 250 174 126 241 255 252
 240 255 255 255 237 150  86 142 183 145 116 168 252 255 255 250
 237 255 255 255 255 252 228 201 196 224 248 255 255 255 255 253
 194 223 221 220 218 216 215 213 211 208 204 207 222 235 234 227
 193 202 204 204 205 207 204 199 196 198 203 206 208 208 208 207
 192 203 205 205 200 145  96  87  92  95 109 184 205 208 208 210
 192 203 203 185  99 115 182 203 206 205 166 110 139 203 208 211
 189 204 192  84 153 205 206 206 206 207 206 201 144 137 204 213
 187 199 114 145 203 207 206 200 194 203 206 208 208 124 183 202
 186 174  63 194 206 205 135  52  36  88 186 207 207 183 127 201
 189 149  98 203 206 179  31  17  16  17  92 202 208 207 116 197
 194 137 129 203 206 159  21  16  16  16  46 196 208 206 119 196
 196 153 123 203 206 165  31  17  16  18  93 199 208 201 100 199
 196 179  98 198 207 201 123  35  21  30 165 208 208 185  99 204
 195 202  99 165 205 206 205 166 146 184 206 208 208 126 174 209
 193 205 174  79 186 206 207 207 207 207 208 207 167 109 204 209
 193 205 205 143  85 160 201 205 207 207 205 149  98 191 209 207
 192 204 206 206 188 114  69 122 154 123  92 129 202 208 208 202
 191 205 206 206 207 202 177 154 147 173 196 207 208 209 208 204
 168 191 189 189 186 185 183 181 181 177 176 178 192 197 198 190
 157 161 163 162 164 165 168 163 163 165 166 168 166 166 165 167
 155 162 164 165 166 114  66  57  62  61  75 148 167 168 167 169
 154 162 163 152  72  78 140 162 163 162 125  72 103 165 168 171
 152 161 157  57 115 164 165 166 165 164 165 161 104 103 167 173
 151 162  90 109 162 164 167 166 163 165 166 167 167  88 149 164
 149 142  38 155 165 166 112  43  28  71 155 167 166 144  92 165
 152 117  69 164 165 144  22  12  12  11  72 165 167 168  80 163
 157 104  98 164 166 125  12  12  12  12  24 159 167 168  86 162
 157 118  93 163 163 127  15  12  12  10  64 161 167 164  71 164
 158 140  68 161 164 160  86  13   5  12 127 167 167 152  65 165
 157 161  65 133 165 165 162 123 105 142 166 167 169  95 134 170
 156 164 133  51 153 166 164 165 164 166 168 171 134  75 164 170
 156 165 163 104  53 128 166 170 168 168 171 118  63 151 167 168
 156 167 164 162 145  76  39  95 124  95  62  92 162 168 169 165
 155 165 164 164 164 161 137 112 109 132 156 166 167 166 168 168
 142 162 160 161 158 157 157 157 156 153 152 155 169 171 168 167

 254 255 255 255 247 250 246 246 247 252 255 255 252 250 253 227
 253 255 255 252 224 146 136 146 119 123 220 253 255 255 255 234
 255 255 249 164 154 230 254 251 247 225 152 141 241 255 255 235
 255 252 166 185 254 255 255 255 255 255 255 198 126 252 255 222
 255 220 141 249 255 255 251 243 250 255 255 252 174 168 255 207
 253 129 212 255 254 224  97  49 117 212 254 255 250 116 248 204
 242 117 254 255 246  95  17  18  17  42 230 255 253 145 224 208
 237 116 254 255 233  38  16  17  17  23 186 255 253 183 196 211
 240 109 253 255 241  55  20  19  18  44 212 255 252 142 201 213
 251 107 233 255 253 156  35  25  38 163 254 255 245  86 228 215
 251 167 152 254 255 253 218 195 212 252 255 254 190 150 252 216
 255 246 111 198 255 255 255 255 255 255 254 223 109 237 255 218
 255 255 223  94 184 245 254 254 254 248 196  88 185 255 255 220
 254 255 255 236 129  66 115 156 144 109 119 223 254 255 255 221
 254 255 254 254 249 214 182 167 191 227 253 255 255 255 255 223
 242 241 240 237 234 233 239 244 247 248 245 243 241 240 237 194
 207 210 211 213 202 201 197 196 199 204 209 209 207 202 204 190
 208 208 208 204 183 127 116 119 100  99 174 204 209 208 208 198
 208 208 203 137 124 183 207 206 201 185 126 109 191 208 209 197
 208 205 139 144 208 207 208 208 208 208 208 167  98 202 208 192
 206 184 110 201 208 207 202 196 199 208 208 207 149 129 207 178
 203 109 166 206 206 186  92  46  93 165 206 208 205  92 196 176
 198  95 205 207 203  88  17  16  18  30 184 207 207 123 173 177
 196  92 206 206 194  36  16  16  16  21 146 207 207 154 147 181
 199  87 203 206 200  52  17  16  17  35 166 207 205 122 154 181
 204  96 182 206 206 135  31  21  31 123 205 207 201  69 177 183
 207 145 115 205 207 205 179 159 165 201 206 206 160 114 202 185
 205 200  99 153 203 206 206 206 206 207 205 186  85 188 207 186
 204 205 185  84 145 194 203 203 203 198 165  79 143 206 206 189
 204 205 203 192 114  63  98 129 123  98  99 174 205 206 206 189
 202 203 203 204 199 174 149 137 153 179 202 205 205 204 205 191
 193 192 192 189 187 186 189 194 196 196 195 193 193 192 191 168
 167 169 171 173 164 165 163 162 164 165 170 170 168 165 168 167
 165 167 168 167 149  92  80  86  71  65 134 164 167 169 168 168
 166 168 165 103  88 144 168 168 164 152  95  75 151 168 166 171
 166 167 103 104 167 166 167 167 167 167 169 134  63 162 167 169
 168 148  72 161 167 167 165 159 161 167 167 171 118  92 166 155
 166  75 125 165 166 155  72  24  64 127 166 168 171  62 156 152
 165  61 162 164 165  71  11  12  10  12 142 166 168  95 132 153
 163  62 163 165 163  28  12  12  12   5 105 164 168 124 109 156
 163  57 162 166 166  43  12  12  12  13 123 165 170  95 112 157
 168  66 140 165 167 112  22  12  15  86 162 164 166  39 137 157
 165 114  78 164 164 166 144 125 127 160 165 166 128  76 161 157
 164 166  72 115 162 165 165 166 163 164 165 153  53 145 164 158
 162 165 152  57 109 155 164 164 163 161 133  51 104 162 164 161
 163 164 163 157  90  38  69  98  93  68  65 133 163 164 164 160
 161 162 162 161 162 142 117 104 118 140 161 164 165 167 165 162
 157 155 154 152 151 149 152 157 157 158 157 156 156 156 155 142

 227 234 235 222 207 204 208 211 213 215 216 218 220 221 223 194
 253 255 255 255 255 248 224 196 201 228 252 255 255 255 255 237
 250 255 255 252 168 116 145 183 142  86 150 237 255 255 255 240
 252 255 241 126 174 250 253 253 252 245 190 109 185 254 255 241
 255 253 141 198 252 255 255 255 255 255 254 223  88 223 255 243
 255 220 152 255 255 254 230 186 212 254 255 254 196 119 253 245
 252 123 225 255 255 212  42  23  44 163 252 255 248 109 227 248
 247 119 247 255 250 117  17  17  18  38 212 255 254 144 191 247
 246 146 251 255 243  49  18  17  19  25 195 255 254 156 167 244
 246 136 254 255 251  97  17  16  20  35 218 255 254 115 182 239
 250 146 230 255 255 224  95  38  55 156 253 255 245  66 214 233
 247 224 154 254 255 254 246 233 241 253 255 255 184 129 249 234
 255 252 164 185 249 255 255 255 255 255 254 198  94 236 254 237
 255 255 249 166 141 212 254 254 253 233 152 111 223 255 254 240
 255 255 255 252 220 129 117 116 109 107 167 246 255 255 255 241
 254 253 255 255 255 253 242 237 240 251 251 255 255 254 254 242
 190 198 197 192 178 176 177 181 181 183 185 186 189 189 191 168
 204 208 209 208 207 196 173 147 154 177 202 207 206 206 205 191
 202 208 208 202 129  92 123 154 122  69 114 188 206 206 204 192
 207 209 191  98 149 205 207 207 205 201 160  85 143 205 205 193
 209 204 109 167 207 208 207 207 207 207 206 186  79 174 205 193
 209 174 126 208 208 206 184 146 166 205 206 205 165  99 202 195
 204  99 185 208 208 165  30  21  35 123 201 207 198  98 179 196
 199 100 201 208 199  93  18  16  17  31 165 206 203 123 153 196
 196 119 206 208 196  46  16  16  16  21 159 206 203 129 137 194
 197 116 207 208 202  92  17  16  17  31 179 206 203  98 149 189
 201 127 183 207 207 186  88  36  52 135 205 206 194  63 174 186
 202 183 124 208 208 206 203 194 200 206 207 203 145 114 199 187
 213 204 137 144 201 206 207 206 206 206 205 153  84 192 204 189
 211 208 203 139 110 166 205 206 203 182 115  99 185 203 203 192
 210 208 208 205 184 109  95  92  87  96 145 200 205 205 203 192
 207 208 208 208 206 203 198 196 199 204 207 205 204 204 202 193
 167 168 171 169 155 152 153 156 157 157 157 158 161 160 162 142
 168 168 166 167 166 156 132 109 112 137 161 164 164 164 165 155
 165 169 168 162  92  62  95 124  95  39  76 145 162 164 167 156
 168 167 151  63 118 171 168 168 170 166 128  53 104 163 165 156
 170 164  75 134 171 168 166 164 165 164 166 153  51 133 164 156
 170 134  95 169 167 166 142 105 123 162 165 165 133  65 161 157
 165  65 152 167 167 127  12   5  13  86 160 164 161  68 140 158
 164  71 164 167 161  64  10  12  12  15 127 163 163  93 118 157
 162  86 168 167 159  24  12  12  12  12 125 166 164  98 104 157
 163  80 168 167 165  72  11  12  12  22 144 165 164  69 117 152
 165  92 144 166 167 155  71  28  43 112 166 165 155  38 142 149
 164 149  88 167 167 166 165 163 166 167 164 162 109  90 162 151
 173 167 103 104 161 165 164 165 166 165 164 115  57 157 161 152
 171 168 165 103  72 125 162 163 162 140  78  72 152 163 162 154
 169 167 168 167 148  75  61  62  57  66 114 166 165 164 162 155
 167 165 166 166 168 166 165 163 163 168 165 164 162 163 161 157

 194 237 240 241 243 245 248 247 244 239 233 234 237 240 241 242
 223 255 255 255 255 253 227 191 167 182 214 249 254 254 255 254
 221 255 255 254 223 119 109 144 156 115  66 129 236 255 255 254
 220 255 255 185  88 196 248 254 254 254 245 184  94 223 255 255
 218 255 237 109 223 254 255 255 255 255 255 255 198 111 246 255
 216 252 150 190 254 255 252 212 195 218 253 255 254 152 167 251
 215 228  86 245 255 254 163  38  25  35 156 253 255 233 107 251
 213 201 142 252 255 212  44  18  19  20  55 241 255 253 109 240
 211 196 183 253 255 186  23  17  17  16  38 233 255 254 116 237
 208 224 145 253 255 230  42  17  18  17  95 246 255 254 117 242
 204 248 116 250 255 254 212 117  49  97 224 254 255 212 129 253
 207 255 168 174 252 255 255 250 243 251 255 255 249 141 220 255
 222 255 252 126 198 255 255 255 255 255 255 254 185 166 252 255
 235 255 255 241 141 152 225 247 251 254 230 154 164 249 255 255
 234 255 255 255 253 220 123 119 146 136 146 224 252 255 255 253
 227 253 250 252 255 255 252 247 246 246 250 247 255 255 255 254
 168 191 192 193 193 195 196 196 194 189 186 187 189 192 192 193
 191 205 204 205 205 202 179 153 137 149 174 199 204 203 203 202
 189 206 206 205 174  99  98 123 129  98  63 114 192 203 205 204
 189 206 206 143  79 165 198 203 203 203 194 145  84 185 205 204
 186 207 188  85 186 205 207 206 206 206 206 203 153  99 200 205
 185 202 114 160 206 206 201 165 159 179 205 207 205 115 145 207
 183 177  69 201 207 205 123  31  21  31 135 206 206 182  96 204
 181 154 122 205 207 166  35  17  16  17  52 200 206 203  87 199
 181 147 154 207 207 146  21  16  16  16  36 194 206 206  92 196
 177 173 123 207 207 184  30  18  16  17  88 203 207 205  95 198
 176 196  92 205 208 206 165  93  46  92 186 206 206 166 109 203
 178 207 129 149 207 208 208 199 196 202 207 208 201 110 184 206
 192 208 202  98 167 208 208 208 208 208 207 208 144 139 205 208
 197 209 208 191 109 126 185 201 206 207 183 124 137 203 208 208
 198 208 208 209 204 174  99 100 119 116 127 183 204 208 208 208
 190 204 202 207 209 209 204 199 196 197 201 202 213 211 210 207
 142 155 156 156 156 157 158 157 157 152 149 151 152 154 155 157
 162 165 167 165 164 161 140 118 104 117 142 162 161 162 162 161
 160 164 164 163 133  65  68  93  98  69  38  90 157 163 164 163
 161 164 162 104  51 133 161 163 164 164 155 109  57 152 165 162
 158 164 145  53 153 165 164 163 166 165 165 162 115  72 166 164
 157 161  76 128 166 165 160 127 125 144 166 164 164  78 114 165
 157 137  39 166 164 162  86  15  12  22 112 167 165 140  66 168
 157 112  95 170 165 123  13  12  12  12  43 166 166 162  57 163
 156 109 124 168 164 105   5  12  12  12  28 163 165 163  62 163
 153 132  95 168 166 142  12  10  12  11  71 165 164 162  61 165
 152 156  62 171 168 166 127  64  24  72 155 166 165 125  75 166
 155 166  92 118 171 167 167 161 159 165 167 167 161  72 148 168
 169 167 162  63 134 169 167 167 167 167 166 167 104 103 167 166
 171 166 168 151  75  95 152 164 168 168 144  88 103 165 168 166
 168 168 169 167 164 134  65  71  86  80  92 149 167 168 167 165
 167 168 165 168 170 170 165 164 162 163 165 164 173 171 169 167

